<?xml version="1.0" encoding="UTF-8"?>
<testsuite xmlns:xsi="http://www.w3.org/2001/XMLSchema-instance" xsi:noNamespaceSchemaLocation="https://maven.apache.org/surefire/maven-surefire-plugin/xsd/surefire-test-report.xsd" name="com.gdcho.security.entity.UsersTest" time="9.636" tests="1" errors="1" skipped="0" failures="0">
  <properties>
    <property name="java.specification.version" value="17"/>
    <property name="sun.cpu.isalist" value="amd64"/>
    <property name="sun.jnu.encoding" value="GBK"/>
    <property name="java.class.path" value="D:\Java-project\security-learn\security-wechat\target\test-classes;D:\Java-project\security-learn\security-wechat\target\classes;C:\Users\ROG\.m2\repository\org\springframework\boot\spring-boot-starter-web\3.0.1\spring-boot-starter-web-3.0.1.jar;C:\Users\ROG\.m2\repository\org\springframework\boot\spring-boot-starter\3.0.1\spring-boot-starter-3.0.1.jar;C:\Users\ROG\.m2\repository\org\springframework\boot\spring-boot\3.0.1\spring-boot-3.0.1.jar;C:\Users\ROG\.m2\repository\org\springframework\boot\spring-boot-autoconfigure\3.0.1\spring-boot-autoconfigure-3.0.1.jar;C:\Users\ROG\.m2\repository\org\springframework\boot\spring-boot-starter-logging\3.0.1\spring-boot-starter-logging-3.0.1.jar;C:\Users\ROG\.m2\repository\ch\qos\logback\logback-classic\1.4.5\logback-classic-1.4.5.jar;C:\Users\ROG\.m2\repository\ch\qos\logback\logback-core\1.4.5\logback-core-1.4.5.jar;C:\Users\ROG\.m2\repository\org\apache\logging\log4j\log4j-to-slf4j\2.19.0\log4j-to-slf4j-2.19.0.jar;C:\Users\ROG\.m2\repository\org\apache\logging\log4j\log4j-api\2.19.0\log4j-api-2.19.0.jar;C:\Users\ROG\.m2\repository\org\slf4j\jul-to-slf4j\2.0.6\jul-to-slf4j-2.0.6.jar;C:\Users\ROG\.m2\repository\jakarta\annotation\jakarta.annotation-api\2.1.1\jakarta.annotation-api-2.1.1.jar;C:\Users\ROG\.m2\repository\org\yaml\snakeyaml\1.33\snakeyaml-1.33.jar;C:\Users\ROG\.m2\repository\org\springframework\boot\spring-boot-starter-json\3.0.1\spring-boot-starter-json-3.0.1.jar;C:\Users\ROG\.m2\repository\com\fasterxml\jackson\datatype\jackson-datatype-jdk8\2.14.1\jackson-datatype-jdk8-2.14.1.jar;C:\Users\ROG\.m2\repository\com\fasterxml\jackson\datatype\jackson-datatype-jsr310\2.14.1\jackson-datatype-jsr310-2.14.1.jar;C:\Users\ROG\.m2\repository\com\fasterxml\jackson\module\jackson-module-parameter-names\2.14.1\jackson-module-parameter-names-2.14.1.jar;C:\Users\ROG\.m2\repository\org\springframework\boot\spring-boot-starter-tomcat\3.0.1\spring-boot-starter-tomcat-3.0.1.jar;C:\Users\ROG\.m2\repository\org\apache\tomcat\embed\tomcat-embed-core\10.1.4\tomcat-embed-core-10.1.4.jar;C:\Users\ROG\.m2\repository\org\apache\tomcat\embed\tomcat-embed-el\10.1.4\tomcat-embed-el-10.1.4.jar;C:\Users\ROG\.m2\repository\org\apache\tomcat\embed\tomcat-embed-websocket\10.1.4\tomcat-embed-websocket-10.1.4.jar;C:\Users\ROG\.m2\repository\org\springframework\spring-web\6.0.3\spring-web-6.0.3.jar;C:\Users\ROG\.m2\repository\org\springframework\spring-beans\6.0.3\spring-beans-6.0.3.jar;C:\Users\ROG\.m2\repository\io\micrometer\micrometer-observation\1.10.2\micrometer-observation-1.10.2.jar;C:\Users\ROG\.m2\repository\io\micrometer\micrometer-commons\1.10.2\micrometer-commons-1.10.2.jar;C:\Users\ROG\.m2\repository\org\springframework\spring-webmvc\6.0.3\spring-webmvc-6.0.3.jar;C:\Users\ROG\.m2\repository\org\springframework\spring-context\6.0.3\spring-context-6.0.3.jar;C:\Users\ROG\.m2\repository\org\springframework\spring-expression\6.0.3\spring-expression-6.0.3.jar;C:\Users\ROG\.m2\repository\org\projectlombok\lombok\1.18.24\lombok-1.18.24.jar;C:\Users\ROG\.m2\repository\org\springframework\boot\spring-boot-starter-security\3.0.1\spring-boot-starter-security-3.0.1.jar;C:\Users\ROG\.m2\repository\org\springframework\spring-aop\6.0.3\spring-aop-6.0.3.jar;C:\Users\ROG\.m2\repository\org\springframework\security\spring-security-config\6.0.1\spring-security-config-6.0.1.jar;C:\Users\ROG\.m2\repository\org\springframework\security\spring-security-core\6.0.1\spring-security-core-6.0.1.jar;C:\Users\ROG\.m2\repository\org\springframework\security\spring-security-crypto\6.0.1\spring-security-crypto-6.0.1.jar;C:\Users\ROG\.m2\repository\org\springframework\security\spring-security-web\6.0.1\spring-security-web-6.0.1.jar;C:\Users\ROG\.m2\repository\org\springframework\boot\spring-boot-starter-test\3.0.1\spring-boot-starter-test-3.0.1.jar;C:\Users\ROG\.m2\repository\org\springframework\boot\spring-boot-test\3.0.1\spring-boot-test-3.0.1.jar;C:\Users\ROG\.m2\repository\org\springframework\boot\spring-boot-test-autoconfigure\3.0.1\spring-boot-test-autoconfigure-3.0.1.jar;C:\Users\ROG\.m2\repository\com\jayway\jsonpath\json-path\2.7.0\json-path-2.7.0.jar;C:\Users\ROG\.m2\repository\net\minidev\json-smart\2.4.8\json-smart-2.4.8.jar;C:\Users\ROG\.m2\repository\net\minidev\accessors-smart\2.4.8\accessors-smart-2.4.8.jar;C:\Users\ROG\.m2\repository\org\ow2\asm\asm\9.1\asm-9.1.jar;C:\Users\ROG\.m2\repository\jakarta\xml\bind\jakarta.xml.bind-api\4.0.0\jakarta.xml.bind-api-4.0.0.jar;C:\Users\ROG\.m2\repository\jakarta\activation\jakarta.activation-api\2.1.0\jakarta.activation-api-2.1.0.jar;C:\Users\ROG\.m2\repository\org\assertj\assertj-core\3.23.1\assertj-core-3.23.1.jar;C:\Users\ROG\.m2\repository\net\bytebuddy\byte-buddy\1.12.20\byte-buddy-1.12.20.jar;C:\Users\ROG\.m2\repository\org\hamcrest\hamcrest\2.2\hamcrest-2.2.jar;C:\Users\ROG\.m2\repository\org\junit\jupiter\junit-jupiter\5.9.1\junit-jupiter-5.9.1.jar;C:\Users\ROG\.m2\repository\org\junit\jupiter\junit-jupiter-api\5.9.1\junit-jupiter-api-5.9.1.jar;C:\Users\ROG\.m2\repository\org\opentest4j\opentest4j\1.2.0\opentest4j-1.2.0.jar;C:\Users\ROG\.m2\repository\org\junit\platform\junit-platform-commons\1.9.1\junit-platform-commons-1.9.1.jar;C:\Users\ROG\.m2\repository\org\apiguardian\apiguardian-api\1.1.2\apiguardian-api-1.1.2.jar;C:\Users\ROG\.m2\repository\org\junit\jupiter\junit-jupiter-params\5.9.1\junit-jupiter-params-5.9.1.jar;C:\Users\ROG\.m2\repository\org\junit\jupiter\junit-jupiter-engine\5.9.1\junit-jupiter-engine-5.9.1.jar;C:\Users\ROG\.m2\repository\org\junit\platform\junit-platform-engine\1.9.1\junit-platform-engine-1.9.1.jar;C:\Users\ROG\.m2\repository\org\mockito\mockito-core\4.8.1\mockito-core-4.8.1.jar;C:\Users\ROG\.m2\repository\net\bytebuddy\byte-buddy-agent\1.12.20\byte-buddy-agent-1.12.20.jar;C:\Users\ROG\.m2\repository\org\objenesis\objenesis\3.2\objenesis-3.2.jar;C:\Users\ROG\.m2\repository\org\mockito\mockito-junit-jupiter\4.8.1\mockito-junit-jupiter-4.8.1.jar;C:\Users\ROG\.m2\repository\org\skyscreamer\jsonassert\1.5.1\jsonassert-1.5.1.jar;C:\Users\ROG\.m2\repository\com\vaadin\external\google\android-json\0.0.20131108.vaadin1\android-json-0.0.20131108.vaadin1.jar;C:\Users\ROG\.m2\repository\org\springframework\spring-core\6.0.3\spring-core-6.0.3.jar;C:\Users\ROG\.m2\repository\org\springframework\spring-jcl\6.0.3\spring-jcl-6.0.3.jar;C:\Users\ROG\.m2\repository\org\springframework\spring-test\6.0.3\spring-test-6.0.3.jar;C:\Users\ROG\.m2\repository\org\xmlunit\xmlunit-core\2.9.0\xmlunit-core-2.9.0.jar;C:\Users\ROG\.m2\repository\org\apache\commons\commons-pool2\2.11.1\commons-pool2-2.11.1.jar;C:\Users\ROG\.m2\repository\com\googlecode\log4jdbc\log4jdbc\1.2\log4jdbc-1.2.jar;C:\Users\ROG\.m2\repository\org\slf4j\slf4j-api\2.0.6\slf4j-api-2.0.6.jar;C:\Users\ROG\.m2\repository\junit\junit\4.13.2\junit-4.13.2.jar;C:\Users\ROG\.m2\repository\org\hamcrest\hamcrest-core\2.2\hamcrest-core-2.2.jar;C:\Users\ROG\.m2\repository\org\springframework\boot\spring-boot-starter-data-jpa\3.0.1\spring-boot-starter-data-jpa-3.0.1.jar;C:\Users\ROG\.m2\repository\org\springframework\boot\spring-boot-starter-aop\3.0.1\spring-boot-starter-aop-3.0.1.jar;C:\Users\ROG\.m2\repository\org\aspectj\aspectjweaver\1.9.19\aspectjweaver-1.9.19.jar;C:\Users\ROG\.m2\repository\org\springframework\boot\spring-boot-starter-jdbc\3.0.1\spring-boot-starter-jdbc-3.0.1.jar;C:\Users\ROG\.m2\repository\com\zaxxer\HikariCP\5.0.1\HikariCP-5.0.1.jar;C:\Users\ROG\.m2\repository\org\springframework\spring-jdbc\6.0.3\spring-jdbc-6.0.3.jar;C:\Users\ROG\.m2\repository\org\hibernate\orm\hibernate-core\6.1.6.Final\hibernate-core-6.1.6.Final.jar;C:\Users\ROG\.m2\repository\jakarta\persistence\jakarta.persistence-api\3.1.0\jakarta.persistence-api-3.1.0.jar;C:\Users\ROG\.m2\repository\jakarta\transaction\jakarta.transaction-api\2.0.1\jakarta.transaction-api-2.0.1.jar;C:\Users\ROG\.m2\repository\org\jboss\logging\jboss-logging\3.5.0.Final\jboss-logging-3.5.0.Final.jar;C:\Users\ROG\.m2\repository\org\hibernate\common\hibernate-commons-annotations\6.0.2.Final\hibernate-commons-annotations-6.0.2.Final.jar;C:\Users\ROG\.m2\repository\org\jboss\jandex\2.4.2.Final\jandex-2.4.2.Final.jar;C:\Users\ROG\.m2\repository\com\fasterxml\classmate\1.5.1\classmate-1.5.1.jar;C:\Users\ROG\.m2\repository\org\glassfish\jaxb\jaxb-runtime\4.0.1\jaxb-runtime-4.0.1.jar;C:\Users\ROG\.m2\repository\org\glassfish\jaxb\jaxb-core\4.0.1\jaxb-core-4.0.1.jar;C:\Users\ROG\.m2\repository\org\eclipse\angus\angus-activation\1.0.0\angus-activation-1.0.0.jar;C:\Users\ROG\.m2\repository\org\glassfish\jaxb\txw2\4.0.1\txw2-4.0.1.jar;C:\Users\ROG\.m2\repository\com\sun\istack\istack-commons-runtime\4.1.1\istack-commons-runtime-4.1.1.jar;C:\Users\ROG\.m2\repository\jakarta\inject\jakarta.inject-api\2.0.0\jakarta.inject-api-2.0.0.jar;C:\Users\ROG\.m2\repository\org\antlr\antlr4-runtime\4.10.1\antlr4-runtime-4.10.1.jar;C:\Users\ROG\.m2\repository\org\springframework\data\spring-data-jpa\3.0.0\spring-data-jpa-3.0.0.jar;C:\Users\ROG\.m2\repository\org\springframework\data\spring-data-commons\3.0.0\spring-data-commons-3.0.0.jar;C:\Users\ROG\.m2\repository\org\springframework\spring-orm\6.0.3\spring-orm-6.0.3.jar;C:\Users\ROG\.m2\repository\org\springframework\spring-tx\6.0.3\spring-tx-6.0.3.jar;C:\Users\ROG\.m2\repository\org\springframework\spring-aspects\6.0.3\spring-aspects-6.0.3.jar;C:\Users\ROG\.m2\repository\mysql\mysql-connector-java\8.0.27\mysql-connector-java-8.0.27.jar;C:\Users\ROG\.m2\repository\cn\hutool\hutool-all\5.8.11\hutool-all-5.8.11.jar;C:\Users\ROG\.m2\repository\org\springframework\boot\spring-boot-starter-data-redis\3.0.2\spring-boot-starter-data-redis-3.0.2.jar;C:\Users\ROG\.m2\repository\org\springframework\data\spring-data-redis\3.0.0\spring-data-redis-3.0.0.jar;C:\Users\ROG\.m2\repository\org\springframework\data\spring-data-keyvalue\3.0.0\spring-data-keyvalue-3.0.0.jar;C:\Users\ROG\.m2\repository\org\springframework\spring-oxm\6.0.3\spring-oxm-6.0.3.jar;C:\Users\ROG\.m2\repository\org\springframework\spring-context-support\6.0.3\spring-context-support-6.0.3.jar;C:\Users\ROG\.m2\repository\io\lettuce\lettuce-core\6.2.2.RELEASE\lettuce-core-6.2.2.RELEASE.jar;C:\Users\ROG\.m2\repository\io\netty\netty-common\4.1.86.Final\netty-common-4.1.86.Final.jar;C:\Users\ROG\.m2\repository\io\netty\netty-handler\4.1.86.Final\netty-handler-4.1.86.Final.jar;C:\Users\ROG\.m2\repository\io\netty\netty-resolver\4.1.86.Final\netty-resolver-4.1.86.Final.jar;C:\Users\ROG\.m2\repository\io\netty\netty-buffer\4.1.86.Final\netty-buffer-4.1.86.Final.jar;C:\Users\ROG\.m2\repository\io\netty\netty-transport-native-unix-common\4.1.86.Final\netty-transport-native-unix-common-4.1.86.Final.jar;C:\Users\ROG\.m2\repository\io\netty\netty-codec\4.1.86.Final\netty-codec-4.1.86.Final.jar;C:\Users\ROG\.m2\repository\io\netty\netty-transport\4.1.86.Final\netty-transport-4.1.86.Final.jar;C:\Users\ROG\.m2\repository\io\projectreactor\reactor-core\3.5.1\reactor-core-3.5.1.jar;C:\Users\ROG\.m2\repository\org\reactivestreams\reactive-streams\1.0.4\reactive-streams-1.0.4.jar;C:\Users\ROG\.m2\repository\io\jsonwebtoken\jjwt-api\0.11.5\jjwt-api-0.11.5.jar;C:\Users\ROG\.m2\repository\io\jsonwebtoken\jjwt-impl\0.11.5\jjwt-impl-0.11.5.jar;C:\Users\ROG\.m2\repository\io\jsonwebtoken\jjwt-jackson\0.11.5\jjwt-jackson-0.11.5.jar;C:\Users\ROG\.m2\repository\com\fasterxml\jackson\core\jackson-databind\2.14.1\jackson-databind-2.14.1.jar;C:\Users\ROG\.m2\repository\com\fasterxml\jackson\core\jackson-annotations\2.14.1\jackson-annotations-2.14.1.jar;C:\Users\ROG\.m2\repository\com\fasterxml\jackson\core\jackson-core\2.14.1\jackson-core-2.14.1.jar;"/>
    <property name="java.vm.vendor" value="Oracle Corporation"/>
    <property name="sun.arch.data.model" value="64"/>
    <property name="user.variant" value=""/>
    <property name="java.vendor.url" value="https://java.oracle.com/"/>
    <property name="user.timezone" value="Asia/Shanghai"/>
    <property name="os.name" value="Windows 11"/>
    <property name="java.vm.specification.version" value="17"/>
    <property name="sun.java.launcher" value="SUN_STANDARD"/>
    <property name="user.country" value="CN"/>
    <property name="sun.boot.library.path" value="D:\Software\Environment\jdk17\bin"/>
    <property name="sun.java.command" value="C:\Users\ROG\AppData\Local\Temp\surefire5617333533255494113\surefirebooter11221885648808701242.jar C:\Users\ROG\AppData\Local\Temp\surefire5617333533255494113 2023-02-13T01-00-46_556-jvmRun1 surefire2696489121674418851tmp surefire_014554545903280144406tmp"/>
    <property name="jdk.debug" value="release"/>
    <property name="surefire.test.class.path" value="D:\Java-project\security-learn\security-wechat\target\test-classes;D:\Java-project\security-learn\security-wechat\target\classes;C:\Users\ROG\.m2\repository\org\springframework\boot\spring-boot-starter-web\3.0.1\spring-boot-starter-web-3.0.1.jar;C:\Users\ROG\.m2\repository\org\springframework\boot\spring-boot-starter\3.0.1\spring-boot-starter-3.0.1.jar;C:\Users\ROG\.m2\repository\org\springframework\boot\spring-boot\3.0.1\spring-boot-3.0.1.jar;C:\Users\ROG\.m2\repository\org\springframework\boot\spring-boot-autoconfigure\3.0.1\spring-boot-autoconfigure-3.0.1.jar;C:\Users\ROG\.m2\repository\org\springframework\boot\spring-boot-starter-logging\3.0.1\spring-boot-starter-logging-3.0.1.jar;C:\Users\ROG\.m2\repository\ch\qos\logback\logback-classic\1.4.5\logback-classic-1.4.5.jar;C:\Users\ROG\.m2\repository\ch\qos\logback\logback-core\1.4.5\logback-core-1.4.5.jar;C:\Users\ROG\.m2\repository\org\apache\logging\log4j\log4j-to-slf4j\2.19.0\log4j-to-slf4j-2.19.0.jar;C:\Users\ROG\.m2\repository\org\apache\logging\log4j\log4j-api\2.19.0\log4j-api-2.19.0.jar;C:\Users\ROG\.m2\repository\org\slf4j\jul-to-slf4j\2.0.6\jul-to-slf4j-2.0.6.jar;C:\Users\ROG\.m2\repository\jakarta\annotation\jakarta.annotation-api\2.1.1\jakarta.annotation-api-2.1.1.jar;C:\Users\ROG\.m2\repository\org\yaml\snakeyaml\1.33\snakeyaml-1.33.jar;C:\Users\ROG\.m2\repository\org\springframework\boot\spring-boot-starter-json\3.0.1\spring-boot-starter-json-3.0.1.jar;C:\Users\ROG\.m2\repository\com\fasterxml\jackson\datatype\jackson-datatype-jdk8\2.14.1\jackson-datatype-jdk8-2.14.1.jar;C:\Users\ROG\.m2\repository\com\fasterxml\jackson\datatype\jackson-datatype-jsr310\2.14.1\jackson-datatype-jsr310-2.14.1.jar;C:\Users\ROG\.m2\repository\com\fasterxml\jackson\module\jackson-module-parameter-names\2.14.1\jackson-module-parameter-names-2.14.1.jar;C:\Users\ROG\.m2\repository\org\springframework\boot\spring-boot-starter-tomcat\3.0.1\spring-boot-starter-tomcat-3.0.1.jar;C:\Users\ROG\.m2\repository\org\apache\tomcat\embed\tomcat-embed-core\10.1.4\tomcat-embed-core-10.1.4.jar;C:\Users\ROG\.m2\repository\org\apache\tomcat\embed\tomcat-embed-el\10.1.4\tomcat-embed-el-10.1.4.jar;C:\Users\ROG\.m2\repository\org\apache\tomcat\embed\tomcat-embed-websocket\10.1.4\tomcat-embed-websocket-10.1.4.jar;C:\Users\ROG\.m2\repository\org\springframework\spring-web\6.0.3\spring-web-6.0.3.jar;C:\Users\ROG\.m2\repository\org\springframework\spring-beans\6.0.3\spring-beans-6.0.3.jar;C:\Users\ROG\.m2\repository\io\micrometer\micrometer-observation\1.10.2\micrometer-observation-1.10.2.jar;C:\Users\ROG\.m2\repository\io\micrometer\micrometer-commons\1.10.2\micrometer-commons-1.10.2.jar;C:\Users\ROG\.m2\repository\org\springframework\spring-webmvc\6.0.3\spring-webmvc-6.0.3.jar;C:\Users\ROG\.m2\repository\org\springframework\spring-context\6.0.3\spring-context-6.0.3.jar;C:\Users\ROG\.m2\repository\org\springframework\spring-expression\6.0.3\spring-expression-6.0.3.jar;C:\Users\ROG\.m2\repository\org\projectlombok\lombok\1.18.24\lombok-1.18.24.jar;C:\Users\ROG\.m2\repository\org\springframework\boot\spring-boot-starter-security\3.0.1\spring-boot-starter-security-3.0.1.jar;C:\Users\ROG\.m2\repository\org\springframework\spring-aop\6.0.3\spring-aop-6.0.3.jar;C:\Users\ROG\.m2\repository\org\springframework\security\spring-security-config\6.0.1\spring-security-config-6.0.1.jar;C:\Users\ROG\.m2\repository\org\springframework\security\spring-security-core\6.0.1\spring-security-core-6.0.1.jar;C:\Users\ROG\.m2\repository\org\springframework\security\spring-security-crypto\6.0.1\spring-security-crypto-6.0.1.jar;C:\Users\ROG\.m2\repository\org\springframework\security\spring-security-web\6.0.1\spring-security-web-6.0.1.jar;C:\Users\ROG\.m2\repository\org\springframework\boot\spring-boot-starter-test\3.0.1\spring-boot-starter-test-3.0.1.jar;C:\Users\ROG\.m2\repository\org\springframework\boot\spring-boot-test\3.0.1\spring-boot-test-3.0.1.jar;C:\Users\ROG\.m2\repository\org\springframework\boot\spring-boot-test-autoconfigure\3.0.1\spring-boot-test-autoconfigure-3.0.1.jar;C:\Users\ROG\.m2\repository\com\jayway\jsonpath\json-path\2.7.0\json-path-2.7.0.jar;C:\Users\ROG\.m2\repository\net\minidev\json-smart\2.4.8\json-smart-2.4.8.jar;C:\Users\ROG\.m2\repository\net\minidev\accessors-smart\2.4.8\accessors-smart-2.4.8.jar;C:\Users\ROG\.m2\repository\org\ow2\asm\asm\9.1\asm-9.1.jar;C:\Users\ROG\.m2\repository\jakarta\xml\bind\jakarta.xml.bind-api\4.0.0\jakarta.xml.bind-api-4.0.0.jar;C:\Users\ROG\.m2\repository\jakarta\activation\jakarta.activation-api\2.1.0\jakarta.activation-api-2.1.0.jar;C:\Users\ROG\.m2\repository\org\assertj\assertj-core\3.23.1\assertj-core-3.23.1.jar;C:\Users\ROG\.m2\repository\net\bytebuddy\byte-buddy\1.12.20\byte-buddy-1.12.20.jar;C:\Users\ROG\.m2\repository\org\hamcrest\hamcrest\2.2\hamcrest-2.2.jar;C:\Users\ROG\.m2\repository\org\junit\jupiter\junit-jupiter\5.9.1\junit-jupiter-5.9.1.jar;C:\Users\ROG\.m2\repository\org\junit\jupiter\junit-jupiter-api\5.9.1\junit-jupiter-api-5.9.1.jar;C:\Users\ROG\.m2\repository\org\opentest4j\opentest4j\1.2.0\opentest4j-1.2.0.jar;C:\Users\ROG\.m2\repository\org\junit\platform\junit-platform-commons\1.9.1\junit-platform-commons-1.9.1.jar;C:\Users\ROG\.m2\repository\org\apiguardian\apiguardian-api\1.1.2\apiguardian-api-1.1.2.jar;C:\Users\ROG\.m2\repository\org\junit\jupiter\junit-jupiter-params\5.9.1\junit-jupiter-params-5.9.1.jar;C:\Users\ROG\.m2\repository\org\junit\jupiter\junit-jupiter-engine\5.9.1\junit-jupiter-engine-5.9.1.jar;C:\Users\ROG\.m2\repository\org\junit\platform\junit-platform-engine\1.9.1\junit-platform-engine-1.9.1.jar;C:\Users\ROG\.m2\repository\org\mockito\mockito-core\4.8.1\mockito-core-4.8.1.jar;C:\Users\ROG\.m2\repository\net\bytebuddy\byte-buddy-agent\1.12.20\byte-buddy-agent-1.12.20.jar;C:\Users\ROG\.m2\repository\org\objenesis\objenesis\3.2\objenesis-3.2.jar;C:\Users\ROG\.m2\repository\org\mockito\mockito-junit-jupiter\4.8.1\mockito-junit-jupiter-4.8.1.jar;C:\Users\ROG\.m2\repository\org\skyscreamer\jsonassert\1.5.1\jsonassert-1.5.1.jar;C:\Users\ROG\.m2\repository\com\vaadin\external\google\android-json\0.0.20131108.vaadin1\android-json-0.0.20131108.vaadin1.jar;C:\Users\ROG\.m2\repository\org\springframework\spring-core\6.0.3\spring-core-6.0.3.jar;C:\Users\ROG\.m2\repository\org\springframework\spring-jcl\6.0.3\spring-jcl-6.0.3.jar;C:\Users\ROG\.m2\repository\org\springframework\spring-test\6.0.3\spring-test-6.0.3.jar;C:\Users\ROG\.m2\repository\org\xmlunit\xmlunit-core\2.9.0\xmlunit-core-2.9.0.jar;C:\Users\ROG\.m2\repository\org\apache\commons\commons-pool2\2.11.1\commons-pool2-2.11.1.jar;C:\Users\ROG\.m2\repository\com\googlecode\log4jdbc\log4jdbc\1.2\log4jdbc-1.2.jar;C:\Users\ROG\.m2\repository\org\slf4j\slf4j-api\2.0.6\slf4j-api-2.0.6.jar;C:\Users\ROG\.m2\repository\junit\junit\4.13.2\junit-4.13.2.jar;C:\Users\ROG\.m2\repository\org\hamcrest\hamcrest-core\2.2\hamcrest-core-2.2.jar;C:\Users\ROG\.m2\repository\org\springframework\boot\spring-boot-starter-data-jpa\3.0.1\spring-boot-starter-data-jpa-3.0.1.jar;C:\Users\ROG\.m2\repository\org\springframework\boot\spring-boot-starter-aop\3.0.1\spring-boot-starter-aop-3.0.1.jar;C:\Users\ROG\.m2\repository\org\aspectj\aspectjweaver\1.9.19\aspectjweaver-1.9.19.jar;C:\Users\ROG\.m2\repository\org\springframework\boot\spring-boot-starter-jdbc\3.0.1\spring-boot-starter-jdbc-3.0.1.jar;C:\Users\ROG\.m2\repository\com\zaxxer\HikariCP\5.0.1\HikariCP-5.0.1.jar;C:\Users\ROG\.m2\repository\org\springframework\spring-jdbc\6.0.3\spring-jdbc-6.0.3.jar;C:\Users\ROG\.m2\repository\org\hibernate\orm\hibernate-core\6.1.6.Final\hibernate-core-6.1.6.Final.jar;C:\Users\ROG\.m2\repository\jakarta\persistence\jakarta.persistence-api\3.1.0\jakarta.persistence-api-3.1.0.jar;C:\Users\ROG\.m2\repository\jakarta\transaction\jakarta.transaction-api\2.0.1\jakarta.transaction-api-2.0.1.jar;C:\Users\ROG\.m2\repository\org\jboss\logging\jboss-logging\3.5.0.Final\jboss-logging-3.5.0.Final.jar;C:\Users\ROG\.m2\repository\org\hibernate\common\hibernate-commons-annotations\6.0.2.Final\hibernate-commons-annotations-6.0.2.Final.jar;C:\Users\ROG\.m2\repository\org\jboss\jandex\2.4.2.Final\jandex-2.4.2.Final.jar;C:\Users\ROG\.m2\repository\com\fasterxml\classmate\1.5.1\classmate-1.5.1.jar;C:\Users\ROG\.m2\repository\org\glassfish\jaxb\jaxb-runtime\4.0.1\jaxb-runtime-4.0.1.jar;C:\Users\ROG\.m2\repository\org\glassfish\jaxb\jaxb-core\4.0.1\jaxb-core-4.0.1.jar;C:\Users\ROG\.m2\repository\org\eclipse\angus\angus-activation\1.0.0\angus-activation-1.0.0.jar;C:\Users\ROG\.m2\repository\org\glassfish\jaxb\txw2\4.0.1\txw2-4.0.1.jar;C:\Users\ROG\.m2\repository\com\sun\istack\istack-commons-runtime\4.1.1\istack-commons-runtime-4.1.1.jar;C:\Users\ROG\.m2\repository\jakarta\inject\jakarta.inject-api\2.0.0\jakarta.inject-api-2.0.0.jar;C:\Users\ROG\.m2\repository\org\antlr\antlr4-runtime\4.10.1\antlr4-runtime-4.10.1.jar;C:\Users\ROG\.m2\repository\org\springframework\data\spring-data-jpa\3.0.0\spring-data-jpa-3.0.0.jar;C:\Users\ROG\.m2\repository\org\springframework\data\spring-data-commons\3.0.0\spring-data-commons-3.0.0.jar;C:\Users\ROG\.m2\repository\org\springframework\spring-orm\6.0.3\spring-orm-6.0.3.jar;C:\Users\ROG\.m2\repository\org\springframework\spring-tx\6.0.3\spring-tx-6.0.3.jar;C:\Users\ROG\.m2\repository\org\springframework\spring-aspects\6.0.3\spring-aspects-6.0.3.jar;C:\Users\ROG\.m2\repository\mysql\mysql-connector-java\8.0.27\mysql-connector-java-8.0.27.jar;C:\Users\ROG\.m2\repository\cn\hutool\hutool-all\5.8.11\hutool-all-5.8.11.jar;C:\Users\ROG\.m2\repository\org\springframework\boot\spring-boot-starter-data-redis\3.0.2\spring-boot-starter-data-redis-3.0.2.jar;C:\Users\ROG\.m2\repository\org\springframework\data\spring-data-redis\3.0.0\spring-data-redis-3.0.0.jar;C:\Users\ROG\.m2\repository\org\springframework\data\spring-data-keyvalue\3.0.0\spring-data-keyvalue-3.0.0.jar;C:\Users\ROG\.m2\repository\org\springframework\spring-oxm\6.0.3\spring-oxm-6.0.3.jar;C:\Users\ROG\.m2\repository\org\springframework\spring-context-support\6.0.3\spring-context-support-6.0.3.jar;C:\Users\ROG\.m2\repository\io\lettuce\lettuce-core\6.2.2.RELEASE\lettuce-core-6.2.2.RELEASE.jar;C:\Users\ROG\.m2\repository\io\netty\netty-common\4.1.86.Final\netty-common-4.1.86.Final.jar;C:\Users\ROG\.m2\repository\io\netty\netty-handler\4.1.86.Final\netty-handler-4.1.86.Final.jar;C:\Users\ROG\.m2\repository\io\netty\netty-resolver\4.1.86.Final\netty-resolver-4.1.86.Final.jar;C:\Users\ROG\.m2\repository\io\netty\netty-buffer\4.1.86.Final\netty-buffer-4.1.86.Final.jar;C:\Users\ROG\.m2\repository\io\netty\netty-transport-native-unix-common\4.1.86.Final\netty-transport-native-unix-common-4.1.86.Final.jar;C:\Users\ROG\.m2\repository\io\netty\netty-codec\4.1.86.Final\netty-codec-4.1.86.Final.jar;C:\Users\ROG\.m2\repository\io\netty\netty-transport\4.1.86.Final\netty-transport-4.1.86.Final.jar;C:\Users\ROG\.m2\repository\io\projectreactor\reactor-core\3.5.1\reactor-core-3.5.1.jar;C:\Users\ROG\.m2\repository\org\reactivestreams\reactive-streams\1.0.4\reactive-streams-1.0.4.jar;C:\Users\ROG\.m2\repository\io\jsonwebtoken\jjwt-api\0.11.5\jjwt-api-0.11.5.jar;C:\Users\ROG\.m2\repository\io\jsonwebtoken\jjwt-impl\0.11.5\jjwt-impl-0.11.5.jar;C:\Users\ROG\.m2\repository\io\jsonwebtoken\jjwt-jackson\0.11.5\jjwt-jackson-0.11.5.jar;C:\Users\ROG\.m2\repository\com\fasterxml\jackson\core\jackson-databind\2.14.1\jackson-databind-2.14.1.jar;C:\Users\ROG\.m2\repository\com\fasterxml\jackson\core\jackson-annotations\2.14.1\jackson-annotations-2.14.1.jar;C:\Users\ROG\.m2\repository\com\fasterxml\jackson\core\jackson-core\2.14.1\jackson-core-2.14.1.jar;"/>
    <property name="sun.cpu.endian" value="little"/>
    <property name="user.home" value="C:\Users\ROG"/>
    <property name="user.language" value="zh"/>
    <property name="java.specification.vendor" value="Oracle Corporation"/>
    <property name="java.version.date" value="2022-10-18"/>
    <property name="java.home" value="D:\Software\Environment\jdk17"/>
    <property name="file.separator" value="\"/>
    <property name="basedir" value="D:\Java-project\security-learn\security-wechat"/>
    <property name="java.vm.compressedOopsMode" value="Zero based"/>
    <property name="line.separator" value="&#10;"/>
    <property name="java.vm.specification.vendor" value="Oracle Corporation"/>
    <property name="java.specification.name" value="Java Platform API Specification"/>
    <property name="surefire.real.class.path" value="C:\Users\ROG\AppData\Local\Temp\surefire5617333533255494113\surefirebooter11221885648808701242.jar"/>
    <property name="user.script" value=""/>
    <property name="sun.management.compiler" value="HotSpot 64-Bit Tiered Compilers"/>
    <property name="java.runtime.version" value="17.0.5+9-LTS-191"/>
    <property name="user.name" value="ROG"/>
    <property name="path.separator" value=";"/>
    <property name="os.version" value="10.0"/>
    <property name="java.runtime.name" value="Java(TM) SE Runtime Environment"/>
    <property name="file.encoding" value="GBK"/>
    <property name="java.vm.name" value="Java HotSpot(TM) 64-Bit Server VM"/>
    <property name="localRepository" value="C:\Users\ROG\.m2\repository"/>
    <property name="java.vendor.url.bug" value="https://bugreport.java.com/bugreport/"/>
    <property name="java.io.tmpdir" value="C:\Users\ROG\AppData\Local\Temp\"/>
    <property name="idea.version" value="2022.2"/>
    <property name="java.version" value="17.0.5"/>
    <property name="user.dir" value="D:\Java-project\security-learn\security-wechat"/>
    <property name="os.arch" value="amd64"/>
    <property name="java.vm.specification.name" value="Java Virtual Machine Specification"/>
    <property name="sun.os.patch.level" value=""/>
    <property name="native.encoding" value="GBK"/>
    <property name="java.library.path" value="D:\Software\Environment\jdk17\bin;C:\WINDOWS\Sun\Java\bin;C:\WINDOWS\system32;C:\WINDOWS;C:\Program Files\Common Files\Oracle\Java\javapath;D:\Software\Environment\Python3.8.7\Scripts\;D:\Software\Environment\Python3.8.7\;C:\Program Files\AdoptOpenJDK\jdk-15.0.2.7-hotspot\bin;C:\Program Files (x86)\Common Files\Oracle\Java\javapath;C:\Program Files\NVIDIA Corporation\NVIDIA NvDLISR;D:\Software\Environment\jdk1.8\bin;D:\Software\Environment\jdk1.8\jre;D:\Software\Typora;D:\java_resource\apache-maven-3.8.3\bin;C:\Program Files (x86)\NVIDIA Corporation\PhysX\Common;C:\Program Files (x86)\Microsoft Visual Studio\2019\BuildTools\VC\Tools\MSVC\14.29.30133\bin\Hostx64\x64;C:\Program Files (x86)\Microsoft Visual Studio\2019\BuildTools\VC\Auxiliary\Build;C:\Program Files (x86)\Windows Kits\10\Lib\10.0.19041.0\ucrt\x64;C:\Program Files (x86)\Windows Kits\10\Lib\10.0.19041.0\um\x64;C:\Program Files (x86)\Microsoft Visual Studio\2019\BuildTools\VC\Tools\MSVC\14.29.30133\lib\x64;C:\Program Files (x86)\Microsoft Visual Studio\2019\BuildTools\VC\Tools\MSVC\14.29.30133\include;C:\Program Files (x86)\Windows Kits\10\Include\10.0.19041.0\ucrt;C:\Program Files (x86)\Windows Kits\10\Include\10.0.19041.0\um;C:\ProgramData\chocolatey\bin;C:\WINDOWS\system32;C:\WINDOWS;C:\WINDOWS\System32\Wbem;C:\WINDOWS\System32\WindowsPowerShell\v1.0\;C:\WINDOWS\System32\OpenSSH\;C:\Program Files\Git\cmd;D:\Software\Environment\nodejs;C:\Program Files\Docker\Docker\resources\bin;&quot;D:\Software\Environment\jdk17\bin;&quot;;D:\Software\Redis-x64-5.0.14.1;D:\Software\MySQL\bin;D:\微信web开发者工具\dll;C:\Users\ROG\AppData\Local\Microsoft\WindowsApps;D:\Software\BandiZip\;D:\Software\Environment\nodejs\node_global;D:\Software\IntelliJ IDEA Community Edition 2022.2\bin;;D:\Software\Microsoft VS Code\bin;;."/>
    <property name="java.vm.info" value="mixed mode, sharing"/>
    <property name="java.vendor" value="Oracle Corporation"/>
    <property name="java.vm.version" value="17.0.5+9-LTS-191"/>
    <property name="sun.io.unicode.encoding" value="UnicodeLittle"/>
    <property name="java.class.version" value="61.0"/>
  </properties>
  <testcase name="createUser" classname="com.gdcho.security.entity.UsersTest" time="0.388">
    <error message="org.hibernate.TransientObjectException: object references an unsaved transient instance - save the transient instance before flushing: com.gdcho.security.entity.Role" type="org.springframework.dao.InvalidDataAccessApiUsageException">org.springframework.dao.InvalidDataAccessApiUsageException: org.hibernate.TransientObjectException: object references an unsaved transient instance - save the transient instance before flushing: com.gdcho.security.entity.Role
	at com.gdcho.security.entity.UsersTest.createUser(UsersTest.java:43)
Caused by: java.lang.IllegalStateException: org.hibernate.TransientObjectException: object references an unsaved transient instance - save the transient instance before flushing: com.gdcho.security.entity.Role
	at com.gdcho.security.entity.UsersTest.createUser(UsersTest.java:43)
Caused by: org.hibernate.TransientObjectException: object references an unsaved transient instance - save the transient instance before flushing: com.gdcho.security.entity.Role
	at com.gdcho.security.entity.UsersTest.createUser(UsersTest.java:43)
</error>
    <system-out><![CDATA[01:00:48.652 [main] DEBUG org.springframework.boot.test.context.SpringBootTestContextBootstrapper - Neither @ContextConfiguration nor @ContextHierarchy found for test class [UsersTest]: using SpringBootContextLoader
01:00:48.654 [main] DEBUG org.springframework.test.context.support.AbstractContextLoader - Could not detect default resource locations for test class [com.gdcho.security.entity.UsersTest]: no resource found for suffixes {-context.xml, Context.groovy}.
01:00:48.709 [main] DEBUG org.springframework.boot.test.context.SpringBootTestContextBootstrapper - Using ContextCustomizers for test class [UsersTest]: [ExcludeFilterContextCustomizer, DuplicateJsonObjectContextCustomizer, MockitoContextCustomizer, TestRestTemplateContextCustomizer, DisableObservabilityContextCustomizer, PropertyMappingContextCustomizer, Customizer]
01:00:48.920 [main] DEBUG org.springframework.boot.test.context.SpringBootTestContextBootstrapper - Using TestExecutionListeners for test class [UsersTest]: [ServletTestExecutionListener, DirtiesContextBeforeModesTestExecutionListener, ApplicationEventsTestExecutionListener, MockitoTestExecutionListener, DependencyInjectionTestExecutionListener, DirtiesContextTestExecutionListener, TransactionalTestExecutionListener, SqlScriptsTestExecutionListener, EventPublishingTestExecutionListener, ResetMocksTestExecutionListener, RestDocsTestExecutionListener, MockRestServiceServerResetTestExecutionListener, MockMvcPrintOnlyOnFailureTestExecutionListener, WebDriverTestExecutionListener, MockWebServiceServerTestExecutionListener]
01:00:48.922 [main] DEBUG org.springframework.test.context.support.AbstractDirtiesContextTestExecutionListener - Before test class: class [UsersTest], class annotated with @DirtiesContext [false] with mode [null]

  .   ____          _            __ _ _
 /\\ / ___'_ __ _ _(_)_ __  __ _ \ \ \ \
( ( )\___ | '_ | '_| | '_ \/ _` | \ \ \ \
 \\/  ___)| |_)| | | | | || (_| |  ) ) ) )
  '  |____| .__|_| |_|_| |_\__, | / / / /
 =========|_|==============|___/=/_/_/_/
 :: Spring Boot ::                (v3.0.1)

2023-02-13T01:00:49.288+08:00  INFO 15592 --- [           main] com.gdcho.security.entity.UsersTest      : Starting UsersTest using Java 17.0.5 with PID 15592 (started by ROG in D:\Java-project\security-learn\security-wechat)
2023-02-13T01:00:49.291+08:00  INFO 15592 --- [           main] com.gdcho.security.entity.UsersTest      : No active profile set, falling back to 1 default profile: "default"
2023-02-13T01:00:50.310+08:00  INFO 15592 --- [           main] .s.d.r.c.RepositoryConfigurationDelegate : Multiple Spring Data modules found, entering strict repository configuration mode
2023-02-13T01:00:50.313+08:00  INFO 15592 --- [           main] .s.d.r.c.RepositoryConfigurationDelegate : Bootstrapping Spring Data JPA repositories in DEFAULT mode.
2023-02-13T01:00:50.489+08:00  INFO 15592 --- [           main] .s.d.r.c.RepositoryConfigurationDelegate : Finished Spring Data repository scanning in 167 ms. Found 3 JPA repository interfaces.
2023-02-13T01:00:50.516+08:00  INFO 15592 --- [           main] .s.d.r.c.RepositoryConfigurationDelegate : Multiple Spring Data modules found, entering strict repository configuration mode
2023-02-13T01:00:50.519+08:00  INFO 15592 --- [           main] .s.d.r.c.RepositoryConfigurationDelegate : Bootstrapping Spring Data Redis repositories in DEFAULT mode.
2023-02-13T01:00:50.545+08:00  INFO 15592 --- [           main] .RepositoryConfigurationExtensionSupport : Spring Data Redis - Could not safely identify store assignment for repository candidate interface com.gdcho.security.repository.MenuDao; If you want this repository to be a Redis repository, consider annotating your entities with one of these annotations: org.springframework.data.redis.core.RedisHash (preferred), or consider extending one of the following types with your repository: org.springframework.data.keyvalue.repository.KeyValueRepository
2023-02-13T01:00:50.545+08:00  INFO 15592 --- [           main] .RepositoryConfigurationExtensionSupport : Spring Data Redis - Could not safely identify store assignment for repository candidate interface com.gdcho.security.repository.RoleDao; If you want this repository to be a Redis repository, consider annotating your entities with one of these annotations: org.springframework.data.redis.core.RedisHash (preferred), or consider extending one of the following types with your repository: org.springframework.data.keyvalue.repository.KeyValueRepository
2023-02-13T01:00:50.550+08:00  INFO 15592 --- [           main] .RepositoryConfigurationExtensionSupport : Spring Data Redis - Could not safely identify store assignment for repository candidate interface com.gdcho.security.repository.UsersDao; If you want this repository to be a Redis repository, consider annotating your entities with one of these annotations: org.springframework.data.redis.core.RedisHash (preferred), or consider extending one of the following types with your repository: org.springframework.data.keyvalue.repository.KeyValueRepository
2023-02-13T01:00:50.550+08:00  INFO 15592 --- [           main] .s.d.r.c.RepositoryConfigurationDelegate : Finished Spring Data repository scanning in 17 ms. Found 0 Redis repository interfaces.
2023-02-13T01:00:52.326+08:00  INFO 15592 --- [           main] o.hibernate.jpa.internal.util.LogHelper  : HHH000204: Processing PersistenceUnitInfo [name: default]
2023-02-13T01:00:52.471+08:00  INFO 15592 --- [           main] org.hibernate.Version                    : HHH000412: Hibernate ORM core version 6.1.6.Final
2023-02-13T01:00:52.795+08:00  WARN 15592 --- [           main] org.hibernate.orm.deprecation            : HHH90000021: Encountered deprecated setting [javax.persistence.sharedCache.mode], use [jakarta.persistence.sharedCache.mode] instead
2023-02-13T01:00:53.023+08:00 DEBUG 15592 --- [           main] o.h.t.d.jdbc.spi.JdbcTypeRegistry        : addDescriptor(FloatTypeDescriptor) replaced previous registration(DoubleTypeDescriptor)
2023-02-13T01:00:53.041+08:00 DEBUG 15592 --- [           main] org.hibernate.type.BasicTypeRegistry     : Adding type registration boolean -> org.hibernate.type.BasicTypeReference@36f05595
2023-02-13T01:00:53.041+08:00 DEBUG 15592 --- [           main] org.hibernate.type.BasicTypeRegistry     : Adding type registration boolean -> org.hibernate.type.BasicTypeReference@36f05595
2023-02-13T01:00:53.042+08:00 DEBUG 15592 --- [           main] org.hibernate.type.BasicTypeRegistry     : Adding type registration java.lang.Boolean -> org.hibernate.type.BasicTypeReference@36f05595
2023-02-13T01:00:53.042+08:00 DEBUG 15592 --- [           main] org.hibernate.type.BasicTypeRegistry     : Adding type registration numeric_boolean -> org.hibernate.type.BasicTypeReference@3e12c5de
2023-02-13T01:00:53.042+08:00 DEBUG 15592 --- [           main] org.hibernate.type.BasicTypeRegistry     : Adding type registration org.hibernate.type.NumericBooleanConverter -> org.hibernate.type.BasicTypeReference@3e12c5de
2023-02-13T01:00:53.042+08:00 DEBUG 15592 --- [           main] org.hibernate.type.BasicTypeRegistry     : Adding type registration true_false -> org.hibernate.type.BasicTypeReference@3e55d844
2023-02-13T01:00:53.042+08:00 DEBUG 15592 --- [           main] org.hibernate.type.BasicTypeRegistry     : Adding type registration org.hibernate.type.TrueFalseConverter -> org.hibernate.type.BasicTypeReference@3e55d844
2023-02-13T01:00:53.043+08:00 DEBUG 15592 --- [           main] org.hibernate.type.BasicTypeRegistry     : Adding type registration yes_no -> org.hibernate.type.BasicTypeReference@1f521c69
2023-02-13T01:00:53.043+08:00 DEBUG 15592 --- [           main] org.hibernate.type.BasicTypeRegistry     : Adding type registration org.hibernate.type.YesNoConverter -> org.hibernate.type.BasicTypeReference@1f521c69
2023-02-13T01:00:53.043+08:00 DEBUG 15592 --- [           main] org.hibernate.type.BasicTypeRegistry     : Adding type registration byte -> org.hibernate.type.BasicTypeReference@2b3abeeb
2023-02-13T01:00:53.043+08:00 DEBUG 15592 --- [           main] org.hibernate.type.BasicTypeRegistry     : Adding type registration byte -> org.hibernate.type.BasicTypeReference@2b3abeeb
2023-02-13T01:00:53.044+08:00 DEBUG 15592 --- [           main] org.hibernate.type.BasicTypeRegistry     : Adding type registration java.lang.Byte -> org.hibernate.type.BasicTypeReference@2b3abeeb
2023-02-13T01:00:53.044+08:00 DEBUG 15592 --- [           main] org.hibernate.type.BasicTypeRegistry     : Adding type registration binary -> org.hibernate.type.BasicTypeReference@1c972ae6
2023-02-13T01:00:53.045+08:00 DEBUG 15592 --- [           main] org.hibernate.type.BasicTypeRegistry     : Adding type registration byte[] -> org.hibernate.type.BasicTypeReference@1c972ae6
2023-02-13T01:00:53.045+08:00 DEBUG 15592 --- [           main] org.hibernate.type.BasicTypeRegistry     : Adding type registration [B -> org.hibernate.type.BasicTypeReference@1c972ae6
2023-02-13T01:00:53.045+08:00 DEBUG 15592 --- [           main] org.hibernate.type.BasicTypeRegistry     : Adding type registration binary_wrapper -> org.hibernate.type.BasicTypeReference@62a41279
2023-02-13T01:00:53.045+08:00 DEBUG 15592 --- [           main] org.hibernate.type.BasicTypeRegistry     : Adding type registration wrapper-binary -> org.hibernate.type.BasicTypeReference@62a41279
2023-02-13T01:00:53.045+08:00 DEBUG 15592 --- [           main] org.hibernate.type.BasicTypeRegistry     : Adding type registration Byte[] -> org.hibernate.type.BasicTypeReference@62a41279
2023-02-13T01:00:53.045+08:00 DEBUG 15592 --- [           main] org.hibernate.type.BasicTypeRegistry     : Adding type registration [Ljava.lang.Byte; -> org.hibernate.type.BasicTypeReference@62a41279
2023-02-13T01:00:53.045+08:00 DEBUG 15592 --- [           main] org.hibernate.type.BasicTypeRegistry     : Adding type registration image -> org.hibernate.type.BasicTypeReference@146fa9c0
2023-02-13T01:00:53.045+08:00 DEBUG 15592 --- [           main] org.hibernate.type.BasicTypeRegistry     : Adding type registration blob -> org.hibernate.type.BasicTypeReference@49f6c25e
2023-02-13T01:00:53.045+08:00 DEBUG 15592 --- [           main] org.hibernate.type.BasicTypeRegistry     : Adding type registration java.sql.Blob -> org.hibernate.type.BasicTypeReference@49f6c25e
2023-02-13T01:00:53.046+08:00 DEBUG 15592 --- [           main] org.hibernate.type.BasicTypeRegistry     : Adding type registration materialized_blob -> org.hibernate.type.BasicTypeReference@6c13019c
2023-02-13T01:00:53.046+08:00 DEBUG 15592 --- [           main] org.hibernate.type.BasicTypeRegistry     : Adding type registration materialized_blob_wrapper -> org.hibernate.type.BasicTypeReference@2e66f1bd
2023-02-13T01:00:53.046+08:00 DEBUG 15592 --- [           main] org.hibernate.type.BasicTypeRegistry     : Adding type registration short -> org.hibernate.type.BasicTypeReference@47ae6c18
2023-02-13T01:00:53.047+08:00 DEBUG 15592 --- [           main] org.hibernate.type.BasicTypeRegistry     : Adding type registration short -> org.hibernate.type.BasicTypeReference@47ae6c18
2023-02-13T01:00:53.047+08:00 DEBUG 15592 --- [           main] org.hibernate.type.BasicTypeRegistry     : Adding type registration java.lang.Short -> org.hibernate.type.BasicTypeReference@47ae6c18
2023-02-13T01:00:53.047+08:00 DEBUG 15592 --- [           main] org.hibernate.type.BasicTypeRegistry     : Adding type registration integer -> org.hibernate.type.BasicTypeReference@3835b281
2023-02-13T01:00:53.047+08:00 DEBUG 15592 --- [           main] org.hibernate.type.BasicTypeRegistry     : Adding type registration int -> org.hibernate.type.BasicTypeReference@3835b281
2023-02-13T01:00:53.047+08:00 DEBUG 15592 --- [           main] org.hibernate.type.BasicTypeRegistry     : Adding type registration java.lang.Integer -> org.hibernate.type.BasicTypeReference@3835b281
2023-02-13T01:00:53.048+08:00 DEBUG 15592 --- [           main] org.hibernate.type.BasicTypeRegistry     : Adding type registration long -> org.hibernate.type.BasicTypeReference@4c5e4bfa
2023-02-13T01:00:53.048+08:00 DEBUG 15592 --- [           main] org.hibernate.type.BasicTypeRegistry     : Adding type registration long -> org.hibernate.type.BasicTypeReference@4c5e4bfa
2023-02-13T01:00:53.048+08:00 DEBUG 15592 --- [           main] org.hibernate.type.BasicTypeRegistry     : Adding type registration java.lang.Long -> org.hibernate.type.BasicTypeReference@4c5e4bfa
2023-02-13T01:00:53.048+08:00 DEBUG 15592 --- [           main] org.hibernate.type.BasicTypeRegistry     : Adding type registration float -> org.hibernate.type.BasicTypeReference@552cb0d5
2023-02-13T01:00:53.048+08:00 DEBUG 15592 --- [           main] org.hibernate.type.BasicTypeRegistry     : Adding type registration float -> org.hibernate.type.BasicTypeReference@552cb0d5
2023-02-13T01:00:53.048+08:00 DEBUG 15592 --- [           main] org.hibernate.type.BasicTypeRegistry     : Adding type registration java.lang.Float -> org.hibernate.type.BasicTypeReference@552cb0d5
2023-02-13T01:00:53.048+08:00 DEBUG 15592 --- [           main] org.hibernate.type.BasicTypeRegistry     : Adding type registration double -> org.hibernate.type.BasicTypeReference@61d6c8c4
2023-02-13T01:00:53.049+08:00 DEBUG 15592 --- [           main] org.hibernate.type.BasicTypeRegistry     : Adding type registration double -> org.hibernate.type.BasicTypeReference@61d6c8c4
2023-02-13T01:00:53.049+08:00 DEBUG 15592 --- [           main] org.hibernate.type.BasicTypeRegistry     : Adding type registration java.lang.Double -> org.hibernate.type.BasicTypeReference@61d6c8c4
2023-02-13T01:00:53.049+08:00 DEBUG 15592 --- [           main] org.hibernate.type.BasicTypeRegistry     : Adding type registration big_integer -> org.hibernate.type.BasicTypeReference@74e2cfc5
2023-02-13T01:00:53.049+08:00 DEBUG 15592 --- [           main] org.hibernate.type.BasicTypeRegistry     : Adding type registration java.math.BigInteger -> org.hibernate.type.BasicTypeReference@74e2cfc5
2023-02-13T01:00:53.049+08:00 DEBUG 15592 --- [           main] org.hibernate.type.BasicTypeRegistry     : Adding type registration big_decimal -> org.hibernate.type.BasicTypeReference@4a5d5b38
2023-02-13T01:00:53.049+08:00 DEBUG 15592 --- [           main] org.hibernate.type.BasicTypeRegistry     : Adding type registration java.math.BigDecimal -> org.hibernate.type.BasicTypeReference@4a5d5b38
2023-02-13T01:00:53.050+08:00 DEBUG 15592 --- [           main] org.hibernate.type.BasicTypeRegistry     : Adding type registration character -> org.hibernate.type.BasicTypeReference@7a47f0be
2023-02-13T01:00:53.050+08:00 DEBUG 15592 --- [           main] org.hibernate.type.BasicTypeRegistry     : Adding type registration char -> org.hibernate.type.BasicTypeReference@7a47f0be
2023-02-13T01:00:53.050+08:00 DEBUG 15592 --- [           main] org.hibernate.type.BasicTypeRegistry     : Adding type registration java.lang.Character -> org.hibernate.type.BasicTypeReference@7a47f0be
2023-02-13T01:00:53.050+08:00 DEBUG 15592 --- [           main] org.hibernate.type.BasicTypeRegistry     : Adding type registration character_nchar -> org.hibernate.type.BasicTypeReference@2d8087da
2023-02-13T01:00:53.050+08:00 DEBUG 15592 --- [           main] org.hibernate.type.BasicTypeRegistry     : Adding type registration string -> org.hibernate.type.BasicTypeReference@4f7ef948
2023-02-13T01:00:53.050+08:00 DEBUG 15592 --- [           main] org.hibernate.type.BasicTypeRegistry     : Adding type registration java.lang.String -> org.hibernate.type.BasicTypeReference@4f7ef948
2023-02-13T01:00:53.050+08:00 DEBUG 15592 --- [           main] org.hibernate.type.BasicTypeRegistry     : Adding type registration nstring -> org.hibernate.type.BasicTypeReference@6fdaef04
2023-02-13T01:00:53.050+08:00 DEBUG 15592 --- [           main] org.hibernate.type.BasicTypeRegistry     : Adding type registration characters -> org.hibernate.type.BasicTypeReference@2a5d2041
2023-02-13T01:00:53.050+08:00 DEBUG 15592 --- [           main] org.hibernate.type.BasicTypeRegistry     : Adding type registration char[] -> org.hibernate.type.BasicTypeReference@2a5d2041
2023-02-13T01:00:53.050+08:00 DEBUG 15592 --- [           main] org.hibernate.type.BasicTypeRegistry     : Adding type registration [C -> org.hibernate.type.BasicTypeReference@2a5d2041
2023-02-13T01:00:53.050+08:00 DEBUG 15592 --- [           main] org.hibernate.type.BasicTypeRegistry     : Adding type registration wrapper-characters -> org.hibernate.type.BasicTypeReference@3cacc87
2023-02-13T01:00:53.050+08:00 DEBUG 15592 --- [           main] org.hibernate.type.BasicTypeRegistry     : Adding type registration [Ljava.lang.Character; -> org.hibernate.type.BasicTypeReference@3cacc87
2023-02-13T01:00:53.050+08:00 DEBUG 15592 --- [           main] org.hibernate.type.BasicTypeRegistry     : Adding type registration Character[] -> org.hibernate.type.BasicTypeReference@3cacc87
2023-02-13T01:00:53.050+08:00 DEBUG 15592 --- [           main] org.hibernate.type.BasicTypeRegistry     : Adding type registration text -> org.hibernate.type.BasicTypeReference@3bc6c10f
2023-02-13T01:00:53.050+08:00 DEBUG 15592 --- [           main] org.hibernate.type.BasicTypeRegistry     : Adding type registration ntext -> org.hibernate.type.BasicTypeReference@3dcbbbc
2023-02-13T01:00:53.051+08:00 DEBUG 15592 --- [           main] org.hibernate.type.BasicTypeRegistry     : Adding type registration clob -> org.hibernate.type.BasicTypeReference@4040ccae
2023-02-13T01:00:53.051+08:00 DEBUG 15592 --- [           main] org.hibernate.type.BasicTypeRegistry     : Adding type registration java.sql.Clob -> org.hibernate.type.BasicTypeReference@4040ccae
2023-02-13T01:00:53.051+08:00 DEBUG 15592 --- [           main] org.hibernate.type.BasicTypeRegistry     : Adding type registration nclob -> org.hibernate.type.BasicTypeReference@15bb8ed5
2023-02-13T01:00:53.051+08:00 DEBUG 15592 --- [           main] org.hibernate.type.BasicTypeRegistry     : Adding type registration java.sql.NClob -> org.hibernate.type.BasicTypeReference@15bb8ed5
2023-02-13T01:00:53.051+08:00 DEBUG 15592 --- [           main] org.hibernate.type.BasicTypeRegistry     : Adding type registration materialized_clob -> org.hibernate.type.BasicTypeReference@18f8ebd4
2023-02-13T01:00:53.051+08:00 DEBUG 15592 --- [           main] org.hibernate.type.BasicTypeRegistry     : Adding type registration materialized_clob_char_array -> org.hibernate.type.BasicTypeReference@7e1fb22c
2023-02-13T01:00:53.051+08:00 DEBUG 15592 --- [           main] org.hibernate.type.BasicTypeRegistry     : Adding type registration materialized_clob_character_array -> org.hibernate.type.BasicTypeReference@38fc34fd
2023-02-13T01:00:53.051+08:00 DEBUG 15592 --- [           main] org.hibernate.type.BasicTypeRegistry     : Adding type registration materialized_nclob -> org.hibernate.type.BasicTypeReference@7178d811
2023-02-13T01:00:53.051+08:00 DEBUG 15592 --- [           main] org.hibernate.type.BasicTypeRegistry     : Adding type registration materialized_nclob_character_array -> org.hibernate.type.BasicTypeReference@2e013ba1
2023-02-13T01:00:53.052+08:00 DEBUG 15592 --- [           main] org.hibernate.type.BasicTypeRegistry     : Adding type registration materialized_nclob_char_array -> org.hibernate.type.BasicTypeReference@2d8c729f
2023-02-13T01:00:53.052+08:00 DEBUG 15592 --- [           main] org.hibernate.type.BasicTypeRegistry     : Adding type registration Duration -> org.hibernate.type.BasicTypeReference@740ee00f
2023-02-13T01:00:53.052+08:00 DEBUG 15592 --- [           main] org.hibernate.type.BasicTypeRegistry     : Adding type registration java.time.Duration -> org.hibernate.type.BasicTypeReference@740ee00f
2023-02-13T01:00:53.052+08:00 DEBUG 15592 --- [           main] org.hibernate.type.BasicTypeRegistry     : Adding type registration LocalDateTime -> org.hibernate.type.BasicTypeReference@430106cf
2023-02-13T01:00:53.052+08:00 DEBUG 15592 --- [           main] org.hibernate.type.BasicTypeRegistry     : Adding type registration java.time.LocalDateTime -> org.hibernate.type.BasicTypeReference@430106cf
2023-02-13T01:00:53.052+08:00 DEBUG 15592 --- [           main] org.hibernate.type.BasicTypeRegistry     : Adding type registration LocalDate -> org.hibernate.type.BasicTypeReference@647af13d
2023-02-13T01:00:53.052+08:00 DEBUG 15592 --- [           main] org.hibernate.type.BasicTypeRegistry     : Adding type registration java.time.LocalDate -> org.hibernate.type.BasicTypeReference@647af13d
2023-02-13T01:00:53.052+08:00 DEBUG 15592 --- [           main] org.hibernate.type.BasicTypeRegistry     : Adding type registration LocalTime -> org.hibernate.type.BasicTypeReference@2aac6fa7
2023-02-13T01:00:53.052+08:00 DEBUG 15592 --- [           main] org.hibernate.type.BasicTypeRegistry     : Adding type registration java.time.LocalTime -> org.hibernate.type.BasicTypeReference@2aac6fa7
2023-02-13T01:00:53.052+08:00 DEBUG 15592 --- [           main] org.hibernate.type.BasicTypeRegistry     : Adding type registration OffsetDateTime -> org.hibernate.type.BasicTypeReference@29a1ec65
2023-02-13T01:00:53.052+08:00 DEBUG 15592 --- [           main] org.hibernate.type.BasicTypeRegistry     : Adding type registration java.time.OffsetDateTime -> org.hibernate.type.BasicTypeReference@29a1ec65
2023-02-13T01:00:53.052+08:00 DEBUG 15592 --- [           main] org.hibernate.type.BasicTypeRegistry     : Adding type registration OffsetDateTimeWithTimezone -> org.hibernate.type.BasicTypeReference@625db0e0
2023-02-13T01:00:53.052+08:00 DEBUG 15592 --- [           main] org.hibernate.type.BasicTypeRegistry     : Adding type registration OffsetDateTimeWithoutTimezone -> org.hibernate.type.BasicTypeReference@511d568f
2023-02-13T01:00:53.053+08:00 DEBUG 15592 --- [           main] org.hibernate.type.BasicTypeRegistry     : Adding type registration OffsetTime -> org.hibernate.type.BasicTypeReference@1805ca5c
2023-02-13T01:00:53.053+08:00 DEBUG 15592 --- [           main] org.hibernate.type.BasicTypeRegistry     : Adding type registration java.time.OffsetTime -> org.hibernate.type.BasicTypeReference@1805ca5c
2023-02-13T01:00:53.053+08:00 DEBUG 15592 --- [           main] org.hibernate.type.BasicTypeRegistry     : Adding type registration ZonedDateTime -> org.hibernate.type.BasicTypeReference@3e61cffd
2023-02-13T01:00:53.053+08:00 DEBUG 15592 --- [           main] org.hibernate.type.BasicTypeRegistry     : Adding type registration java.time.ZonedDateTime -> org.hibernate.type.BasicTypeReference@3e61cffd
2023-02-13T01:00:53.053+08:00 DEBUG 15592 --- [           main] org.hibernate.type.BasicTypeRegistry     : Adding type registration ZonedDateTimeWithTimezone -> org.hibernate.type.BasicTypeReference@3134b261
2023-02-13T01:00:53.053+08:00 DEBUG 15592 --- [           main] org.hibernate.type.BasicTypeRegistry     : Adding type registration ZonedDateTimeWithoutTimezone -> org.hibernate.type.BasicTypeReference@aa633e6
2023-02-13T01:00:53.053+08:00 DEBUG 15592 --- [           main] org.hibernate.type.BasicTypeRegistry     : Adding type registration date -> org.hibernate.type.BasicTypeReference@3cc74fc4
2023-02-13T01:00:53.053+08:00 DEBUG 15592 --- [           main] org.hibernate.type.BasicTypeRegistry     : Adding type registration java.sql.Date -> org.hibernate.type.BasicTypeReference@3cc74fc4
2023-02-13T01:00:53.053+08:00 DEBUG 15592 --- [           main] org.hibernate.type.BasicTypeRegistry     : Adding type registration time -> org.hibernate.type.BasicTypeReference@c697186
2023-02-13T01:00:53.053+08:00 DEBUG 15592 --- [           main] org.hibernate.type.BasicTypeRegistry     : Adding type registration java.sql.Time -> org.hibernate.type.BasicTypeReference@c697186
2023-02-13T01:00:53.053+08:00 DEBUG 15592 --- [           main] org.hibernate.type.BasicTypeRegistry     : Adding type registration timestamp -> org.hibernate.type.BasicTypeReference@185a7dd0
2023-02-13T01:00:53.053+08:00 DEBUG 15592 --- [           main] org.hibernate.type.BasicTypeRegistry     : Adding type registration java.sql.Timestamp -> org.hibernate.type.BasicTypeReference@185a7dd0
2023-02-13T01:00:53.053+08:00 DEBUG 15592 --- [           main] org.hibernate.type.BasicTypeRegistry     : Adding type registration java.util.Date -> org.hibernate.type.BasicTypeReference@185a7dd0
2023-02-13T01:00:53.053+08:00 DEBUG 15592 --- [           main] org.hibernate.type.BasicTypeRegistry     : Adding type registration calendar -> org.hibernate.type.BasicTypeReference@2358443e
2023-02-13T01:00:53.053+08:00 DEBUG 15592 --- [           main] org.hibernate.type.BasicTypeRegistry     : Adding type registration java.util.Calendar -> org.hibernate.type.BasicTypeReference@2358443e
2023-02-13T01:00:53.053+08:00 DEBUG 15592 --- [           main] org.hibernate.type.BasicTypeRegistry     : Adding type registration java.util.GregorianCalendar -> org.hibernate.type.BasicTypeReference@2358443e
2023-02-13T01:00:53.053+08:00 DEBUG 15592 --- [           main] org.hibernate.type.BasicTypeRegistry     : Adding type registration calendar_date -> org.hibernate.type.BasicTypeReference@25e796fe
2023-02-13T01:00:53.053+08:00 DEBUG 15592 --- [           main] org.hibernate.type.BasicTypeRegistry     : Adding type registration calendar_time -> org.hibernate.type.BasicTypeReference@62c53685
2023-02-13T01:00:53.054+08:00 DEBUG 15592 --- [           main] org.hibernate.type.BasicTypeRegistry     : Adding type registration instant -> org.hibernate.type.BasicTypeReference@29ba63f0
2023-02-13T01:00:53.054+08:00 DEBUG 15592 --- [           main] org.hibernate.type.BasicTypeRegistry     : Adding type registration java.time.Instant -> org.hibernate.type.BasicTypeReference@29ba63f0
2023-02-13T01:00:53.054+08:00 DEBUG 15592 --- [           main] org.hibernate.type.BasicTypeRegistry     : Adding type registration uuid -> org.hibernate.type.BasicTypeReference@4822ab4d
2023-02-13T01:00:53.054+08:00 DEBUG 15592 --- [           main] org.hibernate.type.BasicTypeRegistry     : Adding type registration java.util.UUID -> org.hibernate.type.BasicTypeReference@4822ab4d
2023-02-13T01:00:53.054+08:00 DEBUG 15592 --- [           main] org.hibernate.type.BasicTypeRegistry     : Adding type registration pg-uuid -> org.hibernate.type.BasicTypeReference@4822ab4d
2023-02-13T01:00:53.054+08:00 DEBUG 15592 --- [           main] org.hibernate.type.BasicTypeRegistry     : Adding type registration uuid-binary -> org.hibernate.type.BasicTypeReference@516b84d1
2023-02-13T01:00:53.054+08:00 DEBUG 15592 --- [           main] org.hibernate.type.BasicTypeRegistry     : Adding type registration uuid-char -> org.hibernate.type.BasicTypeReference@1ad1f167
2023-02-13T01:00:53.054+08:00 DEBUG 15592 --- [           main] org.hibernate.type.BasicTypeRegistry     : Adding type registration class -> org.hibernate.type.BasicTypeReference@608eb42e
2023-02-13T01:00:53.054+08:00 DEBUG 15592 --- [           main] org.hibernate.type.BasicTypeRegistry     : Adding type registration java.lang.Class -> org.hibernate.type.BasicTypeReference@608eb42e
2023-02-13T01:00:53.054+08:00 DEBUG 15592 --- [           main] org.hibernate.type.BasicTypeRegistry     : Adding type registration currency -> org.hibernate.type.BasicTypeReference@3d2b13b1
2023-02-13T01:00:53.054+08:00 DEBUG 15592 --- [           main] org.hibernate.type.BasicTypeRegistry     : Adding type registration Currency -> org.hibernate.type.BasicTypeReference@3d2b13b1
2023-02-13T01:00:53.054+08:00 DEBUG 15592 --- [           main] org.hibernate.type.BasicTypeRegistry     : Adding type registration java.util.Currency -> org.hibernate.type.BasicTypeReference@3d2b13b1
2023-02-13T01:00:53.054+08:00 DEBUG 15592 --- [           main] org.hibernate.type.BasicTypeRegistry     : Adding type registration locale -> org.hibernate.type.BasicTypeReference@30eb55c9
2023-02-13T01:00:53.054+08:00 DEBUG 15592 --- [           main] org.hibernate.type.BasicTypeRegistry     : Adding type registration java.util.Locale -> org.hibernate.type.BasicTypeReference@30eb55c9
2023-02-13T01:00:53.054+08:00 DEBUG 15592 --- [           main] org.hibernate.type.BasicTypeRegistry     : Adding type registration serializable -> org.hibernate.type.BasicTypeReference@2524d07a
2023-02-13T01:00:53.054+08:00 DEBUG 15592 --- [           main] org.hibernate.type.BasicTypeRegistry     : Adding type registration java.io.Serializable -> org.hibernate.type.BasicTypeReference@2524d07a
2023-02-13T01:00:53.054+08:00 DEBUG 15592 --- [           main] org.hibernate.type.BasicTypeRegistry     : Adding type registration timezone -> org.hibernate.type.BasicTypeReference@309e3f34
2023-02-13T01:00:53.055+08:00 DEBUG 15592 --- [           main] org.hibernate.type.BasicTypeRegistry     : Adding type registration java.util.TimeZone -> org.hibernate.type.BasicTypeReference@309e3f34
2023-02-13T01:00:53.055+08:00 DEBUG 15592 --- [           main] org.hibernate.type.BasicTypeRegistry     : Adding type registration ZoneOffset -> org.hibernate.type.BasicTypeReference@554d040d
2023-02-13T01:00:53.055+08:00 DEBUG 15592 --- [           main] org.hibernate.type.BasicTypeRegistry     : Adding type registration java.time.ZoneOffset -> org.hibernate.type.BasicTypeReference@554d040d
2023-02-13T01:00:53.055+08:00 DEBUG 15592 --- [           main] org.hibernate.type.BasicTypeRegistry     : Adding type registration url -> org.hibernate.type.BasicTypeReference@3fe24670
2023-02-13T01:00:53.055+08:00 DEBUG 15592 --- [           main] org.hibernate.type.BasicTypeRegistry     : Adding type registration java.net.URL -> org.hibernate.type.BasicTypeReference@3fe24670
2023-02-13T01:00:53.055+08:00 DEBUG 15592 --- [           main] org.hibernate.type.BasicTypeRegistry     : Adding type registration row_version -> org.hibernate.type.BasicTypeReference@3c46e6f6
2023-02-13T01:00:53.067+08:00 DEBUG 15592 --- [           main] org.hibernate.type.BasicTypeRegistry     : Adding type registration dbtimestamp -> org.hibernate.type.DbTimestampType@37753b69
2023-02-13T01:00:53.067+08:00 DEBUG 15592 --- [           main] org.hibernate.type.BasicTypeRegistry     : Adding type registration dbtimestamp -> org.hibernate.type.DbTimestampType@37753b69
2023-02-13T01:00:53.071+08:00 DEBUG 15592 --- [           main] org.hibernate.type.BasicTypeRegistry     : Adding type registration object -> org.hibernate.type.JavaObjectType@c1386b4
2023-02-13T01:00:53.072+08:00 DEBUG 15592 --- [           main] org.hibernate.type.BasicTypeRegistry     : Adding type registration java.lang.Object -> org.hibernate.type.JavaObjectType@c1386b4
2023-02-13T01:00:53.074+08:00 DEBUG 15592 --- [           main] org.hibernate.type.BasicTypeRegistry     : Adding type registration null -> org.hibernate.type.NullType@6a6a2fdd
2023-02-13T01:00:53.075+08:00 DEBUG 15592 --- [           main] org.hibernate.type.BasicTypeRegistry     : Adding type registration imm_date -> org.hibernate.type.BasicTypeReference@552ffa44
2023-02-13T01:00:53.075+08:00 DEBUG 15592 --- [           main] org.hibernate.type.BasicTypeRegistry     : Adding type registration imm_time -> org.hibernate.type.BasicTypeReference@6e66b498
2023-02-13T01:00:53.075+08:00 DEBUG 15592 --- [           main] org.hibernate.type.BasicTypeRegistry     : Adding type registration imm_timestamp -> org.hibernate.type.BasicTypeReference@54d35ed5
2023-02-13T01:00:53.075+08:00 DEBUG 15592 --- [           main] org.hibernate.type.BasicTypeRegistry     : Adding type registration imm_calendar -> org.hibernate.type.BasicTypeReference@6f7c9755
2023-02-13T01:00:53.075+08:00 DEBUG 15592 --- [           main] org.hibernate.type.BasicTypeRegistry     : Adding type registration imm_calendar_date -> org.hibernate.type.BasicTypeReference@45abbd24
2023-02-13T01:00:53.076+08:00 DEBUG 15592 --- [           main] org.hibernate.type.BasicTypeRegistry     : Adding type registration imm_calendar_time -> org.hibernate.type.BasicTypeReference@1e32037d
2023-02-13T01:00:53.076+08:00 DEBUG 15592 --- [           main] org.hibernate.type.BasicTypeRegistry     : Adding type registration imm_binary -> org.hibernate.type.BasicTypeReference@5059d398
2023-02-13T01:00:53.076+08:00 DEBUG 15592 --- [           main] org.hibernate.type.BasicTypeRegistry     : Adding type registration imm_serializable -> org.hibernate.type.BasicTypeReference@5b1420f9
2023-02-13T01:00:53.125+08:00  INFO 15592 --- [           main] com.zaxxer.hikari.HikariDataSource       : HikariPool-1 - Starting...
2023-02-13T01:00:53.353+08:00  INFO 15592 --- [           main] com.zaxxer.hikari.pool.HikariPool        : HikariPool-1 - Added connection com.mysql.cj.jdbc.ConnectionImpl@36349e29
2023-02-13T01:00:53.356+08:00  INFO 15592 --- [           main] com.zaxxer.hikari.HikariDataSource       : HikariPool-1 - Start completed.
2023-02-13T01:00:53.427+08:00  INFO 15592 --- [           main] SQL dialect                              : HHH000400: Using dialect: org.hibernate.dialect.MySQLDialect
2023-02-13T01:00:53.453+08:00 DEBUG 15592 --- [           main] o.h.t.d.sql.spi.DdlTypeRegistry          : addDescriptor(12, org.hibernate.type.descriptor.sql.internal.CapacityDependentDdlType@4a3516fd) replaced previous registration(org.hibernate.type.descriptor.sql.internal.CapacityDependentDdlType@3ba96967)
2023-02-13T01:00:53.453+08:00 DEBUG 15592 --- [           main] o.h.t.d.sql.spi.DdlTypeRegistry          : addDescriptor(-9, org.hibernate.type.descriptor.sql.internal.CapacityDependentDdlType@5764d421) replaced previous registration(org.hibernate.type.descriptor.sql.internal.CapacityDependentDdlType@1237cade)
2023-02-13T01:00:53.453+08:00 DEBUG 15592 --- [           main] o.h.t.d.sql.spi.DdlTypeRegistry          : addDescriptor(-3, org.hibernate.type.descriptor.sql.internal.CapacityDependentDdlType@70d7a49b) replaced previous registration(org.hibernate.type.descriptor.sql.internal.CapacityDependentDdlType@4509b7)
2023-02-13T01:00:53.453+08:00 DEBUG 15592 --- [           main] o.h.t.d.sql.spi.DdlTypeRegistry          : addDescriptor(4003, org.hibernate.type.descriptor.sql.internal.DdlTypeImpl@71f10042) replaced previous registration(org.hibernate.type.descriptor.sql.internal.DdlTypeImpl@5dbc4598)
2023-02-13T01:00:53.453+08:00 DEBUG 15592 --- [           main] o.h.t.d.sql.spi.DdlTypeRegistry          : addDescriptor(4001, org.hibernate.type.descriptor.sql.internal.DdlTypeImpl@1002d1c8) replaced previous registration(org.hibernate.type.descriptor.sql.internal.DdlTypeImpl@38a27ace)
2023-02-13T01:00:53.453+08:00 DEBUG 15592 --- [           main] o.h.t.d.sql.spi.DdlTypeRegistry          : addDescriptor(4002, org.hibernate.type.descriptor.sql.internal.DdlTypeImpl@41289e88) replaced previous registration(org.hibernate.type.descriptor.sql.internal.DdlTypeImpl@7e8783b0)
2023-02-13T01:00:53.454+08:00 DEBUG 15592 --- [           main] o.h.t.d.sql.spi.DdlTypeRegistry          : addDescriptor(2004, org.hibernate.type.descriptor.sql.internal.CapacityDependentDdlType@788d9139) replaced previous registration(org.hibernate.type.descriptor.sql.internal.DdlTypeImpl@53d2f0ec)
2023-02-13T01:00:53.454+08:00 DEBUG 15592 --- [           main] o.h.t.d.sql.spi.DdlTypeRegistry          : addDescriptor(2005, org.hibernate.type.descriptor.sql.internal.CapacityDependentDdlType@560be8c0) replaced previous registration(org.hibernate.type.descriptor.sql.internal.DdlTypeImpl@14d36bb2)
2023-02-13T01:00:53.454+08:00 DEBUG 15592 --- [           main] o.h.t.d.sql.spi.DdlTypeRegistry          : addDescriptor(2011, org.hibernate.type.descriptor.sql.internal.CapacityDependentDdlType@432448) replaced previous registration(org.hibernate.type.descriptor.sql.internal.DdlTypeImpl@4452e13c)
2023-02-13T01:00:53.456+08:00 DEBUG 15592 --- [           main] o.h.t.d.jdbc.spi.JdbcTypeRegistry        : addDescriptor(NCharTypeDescriptor) replaced previous registration(CharTypeDescriptor)
2023-02-13T01:00:53.456+08:00 DEBUG 15592 --- [           main] o.h.t.d.jdbc.spi.JdbcTypeRegistry        : addDescriptor(NVarcharTypeDescriptor) replaced previous registration(VarcharTypeDescriptor)
2023-02-13T01:00:53.457+08:00 DEBUG 15592 --- [           main] o.h.t.d.jdbc.spi.JdbcTypeRegistry        : addDescriptor(LongNVarcharTypeDescriptor) replaced previous registration(LongVarcharTypeDescriptor)
2023-02-13T01:00:53.460+08:00 DEBUG 15592 --- [           main] o.h.t.d.jdbc.spi.JdbcTypeRegistry        : addDescriptor(NClobTypeDescriptor(DEFAULT)) replaced previous registration(ClobTypeDescriptor(DEFAULT))
2023-02-13T01:00:53.461+08:00 DEBUG 15592 --- [           main] o.h.t.d.jdbc.spi.JdbcTypeRegistry        : addDescriptor(2005, ClobTypeDescriptor(STREAM_BINDING)) replaced previous registration(ClobTypeDescriptor(DEFAULT))
2023-02-13T01:00:53.465+08:00 DEBUG 15592 --- [           main] org.hibernate.type.BasicTypeRegistry     : Adding type registration null -> org.hibernate.type.NullType@642ec6
2023-02-13T01:00:53.466+08:00 DEBUG 15592 --- [           main] org.hibernate.type.BasicTypeRegistry     : Type registration key [null] overrode previous entry : `org.hibernate.type.NullType@6a6a2fdd`
2023-02-13T01:00:53.473+08:00 DEBUG 15592 --- [           main] org.hibernate.type.BasicTypeRegistry     : Adding type registration org.hibernate.type.OffsetDateTimeType -> basicType@1(java.time.OffsetDateTime,93)
2023-02-13T01:00:53.474+08:00 DEBUG 15592 --- [           main] org.hibernate.type.BasicTypeRegistry     : Adding type registration OffsetDateTime -> basicType@1(java.time.OffsetDateTime,93)
2023-02-13T01:00:53.475+08:00 DEBUG 15592 --- [           main] org.hibernate.type.BasicTypeRegistry     : Adding type registration java.time.OffsetDateTime -> basicType@1(java.time.OffsetDateTime,93)
2023-02-13T01:00:53.475+08:00 DEBUG 15592 --- [           main] org.hibernate.type.BasicTypeRegistry     : Adding type registration org.hibernate.type.ZonedDateTimeType -> basicType@2(java.time.ZonedDateTime,93)
2023-02-13T01:00:53.475+08:00 DEBUG 15592 --- [           main] org.hibernate.type.BasicTypeRegistry     : Adding type registration ZonedDateTime -> basicType@2(java.time.ZonedDateTime,93)
2023-02-13T01:00:53.475+08:00 DEBUG 15592 --- [           main] org.hibernate.type.BasicTypeRegistry     : Adding type registration java.time.ZonedDateTime -> basicType@2(java.time.ZonedDateTime,93)
2023-02-13T01:00:53.477+08:00 DEBUG 15592 --- [           main] o.h.type.spi.TypeConfiguration$Scope     : Scoping TypeConfiguration [org.hibernate.type.spi.TypeConfiguration@25e8a111] to MetadataBuildingContext [org.hibernate.boot.internal.MetadataBuildingContextRootImpl@21022cbb]
2023-02-13T01:00:53.980+08:00 DEBUG 15592 --- [           main] o.h.type.spi.TypeConfiguration$Scope     : Scoping TypeConfiguration [org.hibernate.type.spi.TypeConfiguration@25e8a111] to SessionFactoryImplementor [org.hibernate.internal.SessionFactoryImpl@6c3884f5]
2023-02-13T01:00:54.534+08:00 DEBUG 15592 --- [           main] org.hibernate.SQL                        : alter table role_menu drop foreign key FKhg18erpagxkueegxjyfkfbe11
Hibernate: alter table role_menu drop foreign key FKhg18erpagxkueegxjyfkfbe11
2023-02-13T01:00:54.564+08:00 DEBUG 15592 --- [           main] org.hibernate.SQL                        : alter table role_menu drop foreign key FKqyvxw2gg2qk0wld3bqfcb58vq
Hibernate: alter table role_menu drop foreign key FKqyvxw2gg2qk0wld3bqfcb58vq
2023-02-13T01:00:54.574+08:00 DEBUG 15592 --- [           main] org.hibernate.SQL                        : alter table users_role drop foreign key FK3qjq7qsiigxa82jgk0i0wuq3g
Hibernate: alter table users_role drop foreign key FK3qjq7qsiigxa82jgk0i0wuq3g
2023-02-13T01:00:54.584+08:00 DEBUG 15592 --- [           main] org.hibernate.SQL                        : alter table users_role drop foreign key FKiu0xsee0dmwa28nffgyf4bcvc
Hibernate: alter table users_role drop foreign key FKiu0xsee0dmwa28nffgyf4bcvc
2023-02-13T01:00:54.594+08:00 DEBUG 15592 --- [           main] org.hibernate.SQL                        : drop table if exists permission
Hibernate: drop table if exists permission
2023-02-13T01:00:54.606+08:00 DEBUG 15592 --- [           main] org.hibernate.SQL                        : drop table if exists role
Hibernate: drop table if exists role
2023-02-13T01:00:54.619+08:00 DEBUG 15592 --- [           main] org.hibernate.SQL                        : drop table if exists role_menu
Hibernate: drop table if exists role_menu
2023-02-13T01:00:54.630+08:00 DEBUG 15592 --- [           main] org.hibernate.SQL                        : drop table if exists users
Hibernate: drop table if exists users
2023-02-13T01:00:54.637+08:00 DEBUG 15592 --- [           main] org.hibernate.SQL                        : drop table if exists users_role
Hibernate: drop table if exists users_role
2023-02-13T01:00:54.652+08:00 DEBUG 15592 --- [           main] org.hibernate.SQL                        : create table permission (menu_id bigint not null auto_increment, icon varchar(255), menu_name varchar(255), menu_perms varchar(255), pid varchar(255), sort integer, type varchar(255), url varchar(255), visible varchar(255), primary key (menu_id)) engine=InnoDB
Hibernate: create table permission (menu_id bigint not null auto_increment, icon varchar(255), menu_name varchar(255), menu_perms varchar(255), pid varchar(255), sort integer, type varchar(255), url varchar(255), visible varchar(255), primary key (menu_id)) engine=InnoDB
2023-02-13T01:00:54.666+08:00 DEBUG 15592 --- [           main] org.hibernate.SQL                        : create table role (role_id bigint not null auto_increment, name varchar(255), role_desc varchar(255), status tinyint, primary key (role_id)) engine=InnoDB
Hibernate: create table role (role_id bigint not null auto_increment, name varchar(255), role_desc varchar(255), status tinyint, primary key (role_id)) engine=InnoDB
2023-02-13T01:00:54.685+08:00 DEBUG 15592 --- [           main] org.hibernate.SQL                        : create table role_menu (role_id bigint not null, menu_id bigint not null, primary key (role_id, menu_id)) engine=InnoDB
Hibernate: create table role_menu (role_id bigint not null, menu_id bigint not null, primary key (role_id, menu_id)) engine=InnoDB
2023-02-13T01:00:54.698+08:00 DEBUG 15592 --- [           main] org.hibernate.SQL                        : create table users (id bigint not null, create_time datetime(6) not null, last_update_time datetime(6) not null, last_login_time datetime(6), nickname varchar(255), open_id varchar(255), password varchar(255), phone varchar(11), session_key varchar(255), sex tinyint, status tinyint, union_id varchar(255), username varchar(255), primary key (id)) engine=InnoDB
Hibernate: create table users (id bigint not null, create_time datetime(6) not null, last_update_time datetime(6) not null, last_login_time datetime(6), nickname varchar(255), open_id varchar(255), password varchar(255), phone varchar(11), session_key varchar(255), sex tinyint, status tinyint, union_id varchar(255), username varchar(255), primary key (id)) engine=InnoDB
2023-02-13T01:00:54.712+08:00 DEBUG 15592 --- [           main] org.hibernate.SQL                        : create table users_role (users_id bigint not null, role_id bigint not null, primary key (users_id, role_id)) engine=InnoDB
Hibernate: create table users_role (users_id bigint not null, role_id bigint not null, primary key (users_id, role_id)) engine=InnoDB
2023-02-13T01:00:54.725+08:00 DEBUG 15592 --- [           main] org.hibernate.SQL                        : alter table role_menu add constraint FKhg18erpagxkueegxjyfkfbe11 foreign key (menu_id) references permission (menu_id)
Hibernate: alter table role_menu add constraint FKhg18erpagxkueegxjyfkfbe11 foreign key (menu_id) references permission (menu_id)
2023-02-13T01:00:54.758+08:00 DEBUG 15592 --- [           main] org.hibernate.SQL                        : alter table role_menu add constraint FKqyvxw2gg2qk0wld3bqfcb58vq foreign key (role_id) references role (role_id)
Hibernate: alter table role_menu add constraint FKqyvxw2gg2qk0wld3bqfcb58vq foreign key (role_id) references role (role_id)
2023-02-13T01:00:54.791+08:00 DEBUG 15592 --- [           main] org.hibernate.SQL                        : alter table users_role add constraint FK3qjq7qsiigxa82jgk0i0wuq3g foreign key (role_id) references role (role_id)
Hibernate: alter table users_role add constraint FK3qjq7qsiigxa82jgk0i0wuq3g foreign key (role_id) references role (role_id)
2023-02-13T01:00:54.829+08:00 DEBUG 15592 --- [           main] org.hibernate.SQL                        : alter table users_role add constraint FKiu0xsee0dmwa28nffgyf4bcvc foreign key (users_id) references users (id)
Hibernate: alter table users_role add constraint FKiu0xsee0dmwa28nffgyf4bcvc foreign key (users_id) references users (id)
2023-02-13T01:00:54.863+08:00  INFO 15592 --- [           main] o.h.e.t.j.p.i.JtaPlatformInitiator       : HHH000490: Using JtaPlatform implementation: [org.hibernate.engine.transaction.jta.platform.internal.NoJtaPlatform]
2023-02-13T01:00:54.873+08:00 TRACE 15592 --- [           main] o.h.type.spi.TypeConfiguration$Scope     : Handling #sessionFactoryCreated from [org.hibernate.internal.SessionFactoryImpl@6c3884f5] for TypeConfiguration
2023-02-13T01:00:54.875+08:00  INFO 15592 --- [           main] j.LocalContainerEntityManagerFactoryBean : Initialized JPA EntityManagerFactory for persistence unit 'default'
2023-02-13T01:00:56.334+08:00  WARN 15592 --- [           main] JpaBaseConfiguration$JpaWebConfiguration : spring.jpa.open-in-view is enabled by default. Therefore, database queries may be performed during view rendering. Explicitly configure spring.jpa.open-in-view to disable this warning
2023-02-13T01:00:56.892+08:00  INFO 15592 --- [           main] o.s.s.web.DefaultSecurityFilterChain     : Will secure any request with [org.springframework.security.web.session.DisableEncodeUrlFilter@1ba84d52, org.springframework.security.web.context.request.async.WebAsyncManagerIntegrationFilter@42018e32, org.springframework.security.web.context.SecurityContextHolderFilter@18ab86a2, org.springframework.security.web.header.HeaderWriterFilter@2960ae22, org.springframework.security.web.authentication.logout.LogoutFilter@33606f4b, com.gdcho.security.security.filter.WxJwtAuthenticationFilter@508863eb, com.gdcho.security.security.filter.WxAuthenticationFilter@116f823c, org.springframework.security.web.savedrequest.RequestCacheAwareFilter@69e3caa1, org.springframework.security.web.servletapi.SecurityContextHolderAwareRequestFilter@5cbf423b, org.springframework.security.web.authentication.AnonymousAuthenticationFilter@42bd4a4c, org.springframework.security.web.session.SessionManagementFilter@3c28cd9a, org.springframework.security.web.access.ExceptionTranslationFilter@387cd426, org.springframework.security.web.access.intercept.AuthorizationFilter@75b598a5]
2023-02-13T01:00:56.909+08:00  WARN 15592 --- [           main] o.s.s.c.a.web.builders.WebSecurity       : You are asking Spring Security to ignore Mvc [pattern='/ignore1']. This is not recommended -- please use permitAll via HttpSecurity#authorizeHttpRequests instead.
2023-02-13T01:00:56.910+08:00  INFO 15592 --- [           main] o.s.s.web.DefaultSecurityFilterChain     : Will not secure Mvc [pattern='/ignore1']
2023-02-13T01:00:56.911+08:00  WARN 15592 --- [           main] o.s.s.c.a.web.builders.WebSecurity       : You are asking Spring Security to ignore Mvc [pattern='/ignore2']. This is not recommended -- please use permitAll via HttpSecurity#authorizeHttpRequests instead.
2023-02-13T01:00:56.911+08:00  INFO 15592 --- [           main] o.s.s.web.DefaultSecurityFilterChain     : Will not secure Mvc [pattern='/ignore2']
2023-02-13T01:00:57.760+08:00  INFO 15592 --- [           main] com.gdcho.security.entity.UsersTest      : Started UsersTest in 8.8 seconds (process running for 10.929)
2023-02-13T01:00:58.164+08:00 DEBUG 15592 --- [           main] org.hibernate.SQL                        : insert into users (create_time, last_login_time, last_update_time, nickname, password, phone, sex, status, username, id) values (?, ?, ?, ?, ?, ?, ?, ?, ?, ?)
Hibernate: insert into users (create_time, last_login_time, last_update_time, nickname, password, phone, sex, status, username, id) values (?, ?, ?, ?, ?, ?, ?, ?, ?, ?)
2023-02-13T01:00:58.184+08:00 DEBUG 15592 --- [           main] org.hibernate.SQL                        : insert into users_role (users_id, role_id) values (?, ?)
Hibernate: insert into users_role (users_id, role_id) values (?, ?)
2023-02-13T01:00:58.189+08:00  INFO 15592 --- [           main] o.h.e.j.b.internal.AbstractBatchImpl     : HHH000010: On release of batch it still contained JDBC statements
]]></system-out>
  </testcase>
</testsuite>